2024-08-04 21:18:38,431 - Starting download process...
2024-08-04 21:22:34,663 - Starting download process...
2024-08-04 21:22:34,758 - [32mInternet connection is active.
2024-08-04 21:24:30,362 - Starting download process...
2024-08-04 21:24:37,769 - [33m
Download interrupted by user. Exiting...
2024-08-04 21:24:43,909 - Starting download process...
2024-08-04 21:24:54,117 - [31mInternet connection lost.
2024-08-04 21:24:55,476 - [32mInternet connection is active.
2024-08-04 21:34:53,504 - [33m
Download interrupted by user. Exiting...
2024-08-04 21:34:55,147 - Starting download process...
2024-08-04 21:35:03,031 - [31mInternet connection lost.
2024-08-04 21:35:08,099 - [32mInternet connection is active.
2024-08-04 21:35:50,512 - Starting download process...
2024-08-04 21:35:53,490 - [33m
Download interrupted by user. Exiting...
2024-08-04 21:35:56,065 - Starting download process...
2024-08-04 21:36:11,883 - [31mInternet connection lost.
2024-08-04 21:36:13,153 - [32mInternet connection is active.
2024-08-04 21:38:20,574 - Starting download process...
2024-08-04 21:38:25,188 - [33m
Download interrupted by user. Exiting...
2024-08-04 21:38:26,834 - Starting download process...
2024-08-04 21:38:34,619 - [31mInternet connection lost.
2024-08-04 21:38:35,700 - [32mInternet connection is active.
2024-08-04 21:53:45,746 - [31mInternet connection lost.
2024-08-04 21:53:47,016 - [32mInternet connection is active.
